<?xml version="1.0" encoding="UTF-8"?>
<!-- Generated by org.testng.reporters.JUnitXMLReporter -->
<testsuite hostname="P3A-HVZNXJ2" ignored="1" name="Smoke" tests="19" failures="4" timestamp="23 Sep 2019 04:37:05 GMT" time="49.043" errors="0">
  <testcase name="test1" time="0.008" classname="testngFeatures.DemoAssertion1">
    <failure type="java.lang.AssertionError" message="error msg expected [Hi] but found [Hello]">
      <![CDATA[java.lang.AssertionError: error msg expected [Hi] but found [Hello]
at testngFeatures.DemoAssertion1.test1(DemoAssertion1.java:10)
at java.util.concurrent.FutureTask.run(Unknown Source)
at java.util.concurrent.ThreadPoolExecutor.runWorker(Unknown Source)
at java.util.concurrent.ThreadPoolExecutor$Worker.run(Unknown Source)
at java.lang.Thread.run(Unknown Source)
... Removed 21 stack frames]]>
    </failure>
  </testcase> <!-- test1 -->
  <testcase name="test2" time="0.002" classname="testngFeatures.DemoAssertion1"/>
  <testcase name="test3" time="0.001" classname="testngFeatures.DemoAssertion1"/>
  <testcase name="test4" time="0.008" classname="testngFeatures.DemoAssertion1">
    <failure type="java.lang.AssertionError" message="18 less than 20 expected [false] but found [true]">
      <![CDATA[java.lang.AssertionError: 18 less than 20 expected [false] but found [true]
at testngFeatures.DemoAssertion1.test4(DemoAssertion1.java:28)
at java.util.concurrent.FutureTask.run(Unknown Source)
at java.util.concurrent.ThreadPoolExecutor.runWorker(Unknown Source)
at java.util.concurrent.ThreadPoolExecutor$Worker.run(Unknown Source)
at java.lang.Thread.run(Unknown Source)
... Removed 19 stack frames]]>
    </failure>
  </testcase> <!-- test4 -->
  <testcase name="test5" time="0.003" classname="testngFeatures.DemoAssertion1"/>
  <testcase name="test6" time="0.002" classname="testngFeatures.DemoAssertion1">
    <failure type="java.lang.AssertionError" message="Intensionally fail test">
      <![CDATA[java.lang.AssertionError: Intensionally fail test
at testngFeatures.DemoAssertion1.test6(DemoAssertion1.java:41)
at java.util.concurrent.FutureTask.run(Unknown Source)
at java.util.concurrent.ThreadPoolExecutor.runWorker(Unknown Source)
at java.util.concurrent.ThreadPoolExecutor$Worker.run(Unknown Source)
at java.lang.Thread.run(Unknown Source)
... Removed 17 stack frames]]>
    </failure>
  </testcase> <!-- test6 -->
  <testcase name="login" time="0.004" classname="testngFeatures.DemoDataProvider"/>
  <testcase name="login" time="0.001" classname="testngFeatures.DemoDataProvider"/>
  <testcase name="login" time="0.001" classname="testngFeatures.DemoDataProvider"/>
  <testcase name="f" time="0.01" classname="testngFeatures.DemoSoftAssert">
    <failure type="java.lang.AssertionError" message="The following asserts failed:
	expected [12] but found [10],
	Error MSG expected [true] but found [false]">
      <![CDATA[java.lang.AssertionError: The following asserts failed:
expected [12] but found [10],
Error MSG expected [true] but found [false]
at testngFeatures.DemoSoftAssert.f(DemoSoftAssert.java:14)
at java.util.concurrent.FutureTask.run(Unknown Source)
at java.util.concurrent.ThreadPoolExecutor.runWorker(Unknown Source)
at java.util.concurrent.ThreadPoolExecutor$Worker.run(Unknown Source)
at java.lang.Thread.run(Unknown Source)
... Removed 17 stack frames]]>
    </failure>
  </testcase> <!-- f -->
  <testcase name="f" time="0.003" classname="testngFeatures.ExecutionSequence"/>
  <testcase name="f" time="29.51" classname="testngFeatures.OpenMercury"/>
  <testcase name="f" time="0.001" classname="testngFeatures.TestSuit"/>
  <testcase name="openBrowser" time="0.001" classname="testngFeatures.MercuryApplication"/>
  <testcase name="Login" time="0.001" classname="testngFeatures.MercuryApplication"/>
  <testcase name="searchFlight" time="0.001" classname="testngFeatures.MercuryApplication"/>
  <testcase name="bookFlight" time="0.001" classname="testngFeatures.MercuryApplication"/>
  <testcase name="Logout" time="0.002" classname="testngFeatures.MercuryApplication"/>
  <testcase name="closeBrowser" time="0.001" classname="testngFeatures.MercuryApplication"/>
  <testcase name="openURL" time="0.0" classname="testngFeatures.MercuryApplication">
    <ignored/>
  </testcase> <!-- openURL -->
</testsuite> <!-- Smoke -->
