<?xml version="1.0" encoding="UTF-8"?>
<!-- Generated by org.testng.reporters.JUnitXMLReporter -->
<testsuite hostname="P3A-HVZNXJ2" ignored="0" name="Test" tests="7" failures="4" timestamp="23 Sep 2019 04:15:17 GMT" time="0.117" errors="0">
  <testcase name="test1" time="0.014" classname="testngFeatures.DemoAssertion1">
    <failure type="java.lang.AssertionError" message="error msg expected [Hi] but found [Hello]">
      <![CDATA[java.lang.AssertionError: error msg expected [Hi] but found [Hello]
at testngFeatures.DemoAssertion1.test1(DemoAssertion1.java:10)
... Removed 30 stack frames]]>
    </failure>
  </testcase> <!-- test1 -->
  <testcase name="test2" time="0.003" classname="testngFeatures.DemoAssertion1"/>
  <testcase name="test3" time="0.007" classname="testngFeatures.DemoAssertion1"/>
  <testcase name="test4" time="0.002" classname="testngFeatures.DemoAssertion1">
    <failure type="java.lang.AssertionError" message="18 less than 20 expected [false] but found [true]">
      <![CDATA[java.lang.AssertionError: 18 less than 20 expected [false] but found [true]
at testngFeatures.DemoAssertion1.test4(DemoAssertion1.java:28)
... Removed 28 stack frames]]>
    </failure>
  </testcase> <!-- test4 -->
  <testcase name="test5" time="0.006" classname="testngFeatures.DemoAssertion1"/>
  <testcase name="test6" time="0.002" classname="testngFeatures.DemoAssertion1">
    <failure type="java.lang.AssertionError" message="Intensionally fail test">
      <![CDATA[java.lang.AssertionError: Intensionally fail test
at testngFeatures.DemoAssertion1.test6(DemoAssertion1.java:41)
... Removed 26 stack frames]]>
    </failure>
  </testcase> <!-- test6 -->
  <testcase name="f" time="0.006" classname="testngFeatures.DemoSoftAssert">
    <failure type="java.lang.AssertionError" message="The following asserts failed:
	expected [12] but found [10],
	Error MSG expected [true] but found [false]">
      <![CDATA[java.lang.AssertionError: The following asserts failed:
expected [12] but found [10],
Error MSG expected [true] but found [false]
at testngFeatures.DemoSoftAssert.f(DemoSoftAssert.java:14)
... Removed 26 stack frames]]>
    </failure>
  </testcase> <!-- f -->
</testsuite> <!-- Test -->
